2026-02-27 14:42:44,834 - INFO - Starting authentication flow...
2026-02-27 14:42:45,104 - INFO - No session file found. Proceeding with fresh login.
2026-02-27 14:42:45,104 - INFO - Navigating to login page...
2026-02-27 14:43:01,651 - INFO - Waiting for post-login redirection...
2026-02-27 14:43:06,665 - INFO - Login successful. Feed page reached.
2026-02-27 14:43:06,677 - INFO - Session saved securely.
2026-02-27 14:43:06,677 - INFO - Authentication complete. Ready to scrape.
2026-02-27 14:43:06,677 - INFO - [1/1] Scraping profile: linkedin.com/in/williamhgates
2026-02-27 14:43:06,678 - INFO - Navigating to linkedin.com/in/williamhgates
2026-02-27 14:43:06,684 - ERROR - Failed to scrape linkedin.com/in/williamhgates: Page.goto: Protocol error (Page.navigate): Cannot navigate to invalid URL
Call log:
  - navigating to "linkedin.com/in/williamhgates", waiting until "domcontentloaded"

2026-02-27 14:43:06,692 - INFO - Data successfully saved to output_raw.json
2026-02-27 14:44:01,894 - INFO - Starting authentication flow...
2026-02-27 14:44:02,082 - INFO - Session loaded from file. Validating...
2026-02-27 14:44:10,527 - INFO - Authentication complete. Ready to scrape.
2026-02-27 14:44:10,528 - INFO - [1/1] Scraping profile: linkedin.com/in/williamhgates
2026-02-27 14:44:10,528 - INFO - Navigating to linkedin.com/in/williamhgates
2026-02-27 14:44:19,996 - INFO - Scrolling profile to trigger lazy loading...
2026-02-27 14:44:44,663 - INFO - Successfully scraped: linkedin.com/in/williamhgates
2026-02-27 14:44:44,680 - INFO - Data successfully saved to output_raw.json
2026-02-27 14:49:41,566 - INFO - Starting authentication flow...
2026-02-27 14:49:41,822 - INFO - Session loaded from file. Validating...
2026-02-27 14:49:52,759 - INFO - Authentication complete. Ready to scrape.
2026-02-27 14:49:52,760 - INFO - [1/3] Scraping profile: linkedin.com/in/williamhgates
2026-02-27 14:49:52,760 - INFO - Navigating to linkedin.com/in/williamhgates
2026-02-27 14:49:59,318 - INFO - Scrolling profile to trigger lazy loading...
2026-02-27 14:50:28,510 - INFO - Successfully scraped: linkedin.com/in/williamhgates
2026-02-27 14:50:28,511 - INFO - [2/3] Scraping profile: linkedin.com/in/satyanadella
2026-02-27 14:50:28,511 - INFO - Navigating to linkedin.com/in/satyanadella
2026-02-27 14:50:34,845 - INFO - Scrolling profile to trigger lazy loading...
2026-02-27 14:50:42,770 - INFO - Successfully scraped: linkedin.com/in/satyanadella
2026-02-27 14:50:42,771 - INFO - [3/3] Scraping profile: linkedin.com/in/sanskar-malviya
2026-02-27 14:50:42,771 - INFO - Navigating to linkedin.com/in/sanskar-malviya
2026-02-27 14:50:47,583 - INFO - Scrolling profile to trigger lazy loading...
2026-02-27 14:50:54,579 - INFO - Successfully scraped: linkedin.com/in/sanskar-malviya
2026-02-27 14:50:54,585 - INFO - Data successfully saved to output_raw.json
2026-02-27 14:52:52,790 - INFO - Starting authentication flow...
2026-02-27 14:52:53,013 - INFO - Session loaded from file. Validating...
2026-02-27 14:53:02,981 - INFO - Authentication complete. Ready to scrape.
2026-02-27 14:53:02,982 - INFO - [1/3] Scraping profile: linkedin.com/in/williamhgates
2026-02-27 14:53:02,982 - INFO - Navigating to linkedin.com/in/williamhgates
2026-02-27 14:53:12,722 - INFO - Scrolling profile to trigger lazy loading...
2026-02-27 14:53:26,187 - INFO - Successfully scraped: linkedin.com/in/williamhgates
2026-02-27 14:53:26,187 - INFO - [2/3] Scraping profile: linkedin.com/in/satyanadella
2026-02-27 14:53:26,188 - INFO - Navigating to linkedin.com/in/satyanadella
2026-02-27 14:53:33,194 - INFO - Scrolling profile to trigger lazy loading...
2026-02-27 14:53:40,391 - INFO - Successfully scraped: linkedin.com/in/satyanadella
2026-02-27 14:53:40,392 - INFO - [3/3] Scraping profile: linkedin.com/in/sanskar-malviya
2026-02-27 14:53:40,392 - INFO - Navigating to linkedin.com/in/sanskar-malviya
2026-02-27 14:53:48,878 - INFO - Scrolling profile to trigger lazy loading...
2026-02-27 14:53:59,257 - INFO - Successfully scraped: linkedin.com/in/sanskar-malviya
2026-02-27 14:53:59,261 - INFO - Data successfully saved to output_raw.json
2026-02-27 14:56:46,986 - INFO - Starting authentication flow...
2026-02-27 14:56:47,222 - INFO - Session loaded from file. Validating...
2026-02-27 14:56:56,254 - INFO - Authentication complete. Ready to scrape.
2026-02-27 14:56:56,255 - INFO - [1/1] Scraping profile: linkedin.com/in/sanskar-malviya
2026-02-27 14:56:56,256 - INFO - Navigating to linkedin.com/in/sanskar-malviya
2026-02-27 14:57:07,536 - INFO - Scrolling profile to trigger lazy loading...
2026-02-27 14:57:16,435 - INFO - Successfully scraped: linkedin.com/in/sanskar-malviya
2026-02-27 14:57:16,440 - INFO - Data successfully saved to output_raw.json
2026-02-27 15:03:07,404 - INFO - Starting authentication flow...
2026-02-27 15:03:08,374 - INFO - Session loaded from file. Validating...
2026-02-27 15:03:17,403 - INFO - Authentication complete. Ready to scrape.
2026-02-27 15:03:17,404 - INFO - [1/1] Scraping profile: linkedin.com/in/sanskar-malviya
2026-02-27 15:03:17,404 - INFO - Navigating to linkedin.com/in/sanskar-malviya
2026-02-27 15:03:24,779 - INFO - Scrolling profile to trigger lazy loading...
2026-02-27 15:03:33,177 - INFO - Successfully scraped: linkedin.com/in/sanskar-malviya
2026-02-27 15:03:33,181 - INFO - Data successfully saved to output_raw.json
2026-02-27 15:06:09,433 - INFO - Starting authentication flow...
2026-02-27 15:06:09,701 - INFO - Session loaded from file. Validating...
2026-02-27 15:06:18,480 - INFO - Authentication complete. Ready to scrape.
2026-02-27 15:06:18,481 - INFO - [1/1] Scraping profile: linkedin.com/in/sanskar-malviya
2026-02-27 15:06:18,481 - INFO - Navigating to linkedin.com/in/sanskar-malviya
2026-02-27 15:06:31,391 - INFO - Scrolling profile to trigger lazy loading...
2026-02-27 15:06:39,837 - INFO - Successfully scraped: linkedin.com/in/sanskar-malviya
2026-02-27 15:06:39,849 - INFO - Data successfully saved to output_raw.json
2026-02-27 15:17:51,874 - INFO - Starting authentication flow...
2026-02-27 15:17:52,382 - INFO - Session loaded from file. Validating...
2026-02-27 15:18:05,580 - INFO - Authentication complete. Ready to scrape.
2026-02-27 15:18:05,580 - INFO - [1/1] Scraping profile: linkedin.com/in/sanskar-malviya
2026-02-27 15:18:05,581 - INFO - Navigating to linkedin.com/in/sanskar-malviya
2026-02-27 15:18:12,578 - INFO - Scrolling profile to trigger lazy loading...
2026-02-27 15:18:21,041 - INFO - Successfully scraped: linkedin.com/in/sanskar-malviya
2026-02-27 15:18:21,047 - INFO - Data successfully saved to output_raw.json
2026-02-27 15:23:43,897 - INFO - Starting authentication flow...
2026-02-27 15:23:44,091 - INFO - Session loaded from file. Validating...
2026-02-27 15:23:54,075 - INFO - Authentication complete. Ready to scrape.
2026-02-27 15:23:54,076 - INFO - [1/1] Scraping profile: linkedin.com/in/sanskar-malviya
2026-02-27 15:23:54,076 - INFO - Navigating to linkedin.com/in/sanskar-malviya
2026-02-27 15:24:01,267 - INFO - Scrolling profile to trigger lazy loading...
2026-02-27 15:24:08,629 - INFO - Successfully scraped: linkedin.com/in/sanskar-malviya
2026-02-27 15:24:08,634 - INFO - Data successfully saved to output_raw.json
2026-02-27 15:27:25,068 - INFO - Starting authentication flow...
2026-02-27 15:27:25,308 - INFO - Session loaded from file. Validating...
2026-02-27 15:27:34,626 - INFO - Authentication complete. Ready to scrape.
2026-02-27 15:27:34,626 - INFO - [1/3] Scraping profile: linkedin.com/in/williamhgates
2026-02-27 15:27:34,626 - INFO - Navigating to linkedin.com/in/williamhgates
2026-02-27 15:27:42,573 - INFO - Scrolling profile to trigger lazy loading...
2026-02-27 15:27:50,273 - INFO - Successfully scraped: linkedin.com/in/williamhgates
2026-02-27 15:27:50,273 - INFO - [2/3] Scraping profile: linkedin.com/in/satyanadella
2026-02-27 15:27:50,273 - INFO - Navigating to linkedin.com/in/satyanadella
2026-02-27 15:27:57,864 - INFO - Scrolling profile to trigger lazy loading...
2026-02-27 15:28:13,022 - INFO - Successfully scraped: linkedin.com/in/satyanadella
2026-02-27 15:28:13,022 - INFO - [3/3] Scraping profile: linkedin.com/in/sanskar-malviya
2026-02-27 15:28:13,023 - INFO - Navigating to linkedin.com/in/sanskar-malviya
2026-02-27 15:28:20,378 - INFO - Scrolling profile to trigger lazy loading...
2026-02-27 15:28:31,548 - INFO - Successfully scraped: linkedin.com/in/sanskar-malviya
2026-02-27 15:28:31,552 - INFO - Data successfully saved to output_raw.json
2026-02-27 15:42:18,153 - INFO - Starting authentication flow...
2026-02-27 15:42:19,133 - INFO - Session loaded from file. Validating...
2026-02-27 15:42:28,838 - INFO - Authentication complete. Ready to scrape.
2026-02-27 15:42:28,839 - INFO - [1/1] Scraping profile: linkedin.com/in/sanskar-malviya
2026-02-27 15:42:28,839 - INFO - Navigating to linkedin.com/in/sanskar-malviya
2026-02-27 15:42:35,556 - INFO - Scrolling profile to trigger lazy loading...
2026-02-27 15:42:42,964 - INFO - Successfully scraped: linkedin.com/in/sanskar-malviya
2026-02-27 15:42:42,980 - INFO - Data successfully saved to output_raw.json
2026-02-27 15:46:00,083 - INFO - Starting authentication flow...
2026-02-27 15:46:00,352 - INFO - Session loaded from file. Validating...
2026-02-27 15:46:09,391 - INFO - Authentication complete. Ready to scrape.
2026-02-27 15:46:09,392 - INFO - [1/1] Scraping profile: linkedin.com/in/sanskar-malviya
2026-02-27 15:46:09,392 - INFO - Navigating to linkedin.com/in/sanskar-malviya
2026-02-27 15:46:15,817 - INFO - Scrolling profile to trigger lazy loading...
2026-02-27 15:46:22,862 - INFO - Navigating to contact info: https://linkedin.com/in/sanskar-malviya/overlay/contact-info/
2026-02-27 15:46:30,353 - INFO - Successfully scraped: linkedin.com/in/sanskar-malviya
2026-02-27 15:46:30,358 - INFO - Data successfully saved to output_raw.json
2026-02-27 15:49:39,770 - INFO - Starting authentication flow...
2026-02-27 15:49:39,976 - INFO - Session loaded from file. Validating...
2026-02-27 15:49:49,233 - INFO - Authentication complete. Ready to scrape.
2026-02-27 15:49:49,233 - INFO - [1/1] Scraping profile: linkedin.com/in/sanskar-malviya
2026-02-27 15:49:49,233 - INFO - Navigating to linkedin.com/in/sanskar-malviya
2026-02-27 15:49:58,546 - INFO - Scrolling profile to trigger lazy loading...
2026-02-27 15:50:09,071 - INFO - Navigating to contact info: https://linkedin.com/in/sanskar-malviya/overlay/contact-info/
2026-02-27 15:50:17,773 - INFO - Successfully scraped: linkedin.com/in/sanskar-malviya
2026-02-27 15:50:17,777 - INFO - Data successfully saved to output_raw.json
2026-02-27 15:51:14,034 - INFO - Starting authentication flow...
2026-02-27 15:51:14,261 - INFO - Session loaded from file. Validating...
2026-02-27 15:51:23,511 - INFO - Authentication complete. Ready to scrape.
2026-02-27 15:51:23,511 - INFO - [1/1] Scraping profile: linkedin.com/in/sanskar-malviya
2026-02-27 15:51:23,512 - INFO - Navigating to linkedin.com/in/sanskar-malviya
2026-02-27 15:51:30,435 - INFO - Scrolling profile to trigger lazy loading...
2026-02-27 15:51:40,977 - INFO - Navigating to contact info: https://linkedin.com/in/sanskar-malviya/overlay/contact-info/
2026-02-27 15:52:01,522 - INFO - Successfully scraped: linkedin.com/in/sanskar-malviya
2026-02-27 15:52:01,527 - INFO - Data successfully saved to output_raw.json
2026-02-27 16:00:13,059 - INFO - Starting authentication flow...
2026-02-27 16:00:14,659 - INFO - Session loaded from file. Validating...
2026-02-27 16:00:28,965 - INFO - Authentication complete. Ready to scrape.
2026-02-27 16:00:28,965 - INFO - [1/1] Scraping profile: linkedin.com/in/sanskar-malviya
2026-02-27 16:00:28,965 - INFO - Navigating to linkedin.com/in/sanskar-malviya
2026-02-27 16:00:43,812 - INFO - Scrolling profile to trigger lazy loading...
2026-02-27 16:00:55,035 - INFO - Navigating to contact info: https://linkedin.com/in/sanskar-malviya/overlay/contact-info/
2026-02-27 16:01:09,258 - INFO - Successfully scraped: linkedin.com/in/sanskar-malviya
2026-02-27 16:01:09,261 - INFO - Data successfully saved to output_raw.json
2026-02-27 16:02:26,529 - INFO - Starting authentication flow...
2026-02-27 16:02:27,480 - INFO - Session loaded from file. Validating...
2026-02-27 16:02:37,911 - INFO - Authentication complete. Ready to scrape.
2026-02-27 16:02:37,911 - INFO - [1/3] Scraping profile: linkedin.com/in/williamhgates
2026-02-27 16:02:37,911 - INFO - Navigating to linkedin.com/in/williamhgates
2026-02-27 16:02:46,820 - INFO - Scrolling profile to trigger lazy loading...
2026-02-27 16:03:03,394 - INFO - Navigating to contact info: https://linkedin.com/in/williamhgates/overlay/contact-info/
2026-02-27 16:03:10,312 - INFO - Successfully scraped: linkedin.com/in/williamhgates
2026-02-27 16:03:10,313 - INFO - [2/3] Scraping profile: linkedin.com/in/satyanadella
2026-02-27 16:03:10,313 - INFO - Navigating to linkedin.com/in/satyanadella
2026-02-27 16:03:17,988 - INFO - Scrolling profile to trigger lazy loading...
2026-02-27 16:03:37,067 - INFO - Navigating to contact info: https://linkedin.com/in/satyanadella/overlay/contact-info/
2026-02-27 16:03:47,496 - INFO - Successfully scraped: linkedin.com/in/satyanadella
2026-02-27 16:03:47,497 - INFO - [3/3] Scraping profile: linkedin.com/in/sanskar-malviya
2026-02-27 16:03:47,497 - INFO - Navigating to linkedin.com/in/sanskar-malviya
2026-02-27 16:03:53,133 - INFO - Scrolling profile to trigger lazy loading...
2026-02-27 16:04:09,604 - INFO - Navigating to contact info: https://linkedin.com/in/sanskar-malviya/overlay/contact-info/
2026-02-27 16:04:20,763 - INFO - Successfully scraped: linkedin.com/in/sanskar-malviya
2026-02-27 16:04:20,770 - INFO - Data successfully saved to output_raw.json
2026-02-27 16:07:10,117 - INFO - Starting authentication flow...
2026-02-27 16:07:10,405 - INFO - Session loaded from file. Validating...
2026-02-27 16:07:19,794 - INFO - Authentication complete. Ready to scrape.
2026-02-27 16:07:19,795 - INFO - [1/3] Scraping profile: linkedin.com/in/williamhgates
2026-02-27 16:07:19,795 - INFO - Navigating to linkedin.com/in/williamhgates
2026-02-27 16:07:28,968 - INFO - Scrolling profile to trigger lazy loading...
2026-02-27 16:07:41,358 - INFO - Navigating to contact info: https://linkedin.com/in/williamhgates/overlay/contact-info/
2026-02-27 16:07:48,487 - INFO - Successfully scraped: linkedin.com/in/williamhgates
2026-02-27 16:07:48,487 - INFO - [2/3] Scraping profile: linkedin.com/in/satyanadella
2026-02-27 16:07:48,488 - INFO - Navigating to linkedin.com/in/satyanadella
2026-02-27 16:07:53,393 - INFO - Scrolling profile to trigger lazy loading...
2026-02-27 16:08:12,661 - INFO - Navigating to contact info: https://linkedin.com/in/satyanadella/overlay/contact-info/
2026-02-27 16:08:22,678 - INFO - Successfully scraped: linkedin.com/in/satyanadella
2026-02-27 16:08:22,679 - INFO - [3/3] Scraping profile: linkedin.com/in/sanskar-malviya
2026-02-27 16:08:22,679 - INFO - Navigating to linkedin.com/in/sanskar-malviya
2026-02-27 16:08:31,104 - INFO - Scrolling profile to trigger lazy loading...
2026-02-27 16:08:40,017 - INFO - Navigating to contact info: https://linkedin.com/in/sanskar-malviya/overlay/contact-info/
2026-02-27 16:08:46,637 - INFO - Successfully scraped: linkedin.com/in/sanskar-malviya
2026-02-27 16:08:46,646 - INFO - Data successfully saved to output_raw.json
2026-02-27 16:08:46,648 - INFO - Data successfully exported to output_raw.csv
